Base path: 'C:/Program Files/Unity/Hub/Editor/2019.4.16f1/Editor/Data', plugins path 'C:/Program Files/Unity/Hub/Editor/2019.4.16f1/Editor/Data/PlaybackEngines'
Cmd: initializeCompiler
Cmd: initializeCompiler
Cmd: compileComputeKernel
  api=4 insize=9615 outsize=4297 ok=1
Cmd: compileComputeKernel
  api=4 insize=9917 outsize=4006 ok=1
Cmd: compileComputeKernel
  api=4 insize=9917 outsize=6470 ok=1
Cmd: compileComputeKernel
  api=4 insize=4823 outsize=2756 ok=1
Cmd: compileComputeKernel
  api=4 insize=14139 outsize=665 ok=1
Cmd: compileComputeKernel
  api=4 insize=11086 outsize=4877 ok=1
Cmd: compileComputeKernel
  api=4 insize=40407 outsize=37933 ok=1
Cmd: compileComputeKernel
  api=4 insize=40407 outsize=1590 ok=1
Cmd: compileComputeKernel
  api=4 insize=8511 outsize=984 ok=1
Cmd: compileComputeKernel
  api=4 insize=3707 outsize=1076 ok=1
Cmd: compileComputeKernel
  api=4 insize=22295 outsize=15432 ok=1
Cmd: compileComputeKernel
  api=4 insize=9829 outsize=13328 ok=1
Cmd: compileComputeKernel
  api=4 insize=22339 outsize=2349 ok=1
Cmd: compileComputeKernel
  api=4 insize=3095 outsize=1865 ok=1
Cmd: compileComputeKernel
  api=4 insize=6745 outsize=1808 ok=1
Cmd: compileComputeKernel
  api=4 insize=9223 outsize=4256 ok=1
Cmd: compileComputeKernel
  api=4 insize=26542 outsize=15695 ok=1
Cmd: compileComputeKernel
  api=4 insize=16295 outsize=32047 ok=1
Cmd: compileComputeKernel
  api=4 insize=16295 outsize=48710 ok=1
Cmd: compileComputeKernel
  api=4 insize=16295 outsize=36104 ok=1
Cmd: compileComputeKernel
  api=4 insize=16295 outsize=34676 ok=1
Cmd: compileComputeKernel
  api=4 insize=16295 outsize=70166 ok=1
Cmd: compileComputeKernel
  api=4 insize=16295 outsize=72731 ok=1
Cmd: compileComputeKernel
  api=4 insize=5893 outsize=629 ok=1
Cmd: compileComputeKernel
  api=4 insize=1207 outsize=893 ok=1
Cmd: compileComputeKernel
  api=4 insize=11069 outsize=8912 ok=1
Cmd: compileComputeKernel
  api=4 insize=10587 outsize=7759 ok=1
Cmd: compileSnippet
  api=4 type=1 insize=7443 outsize=142 kw=_NORMALMAP_TANGENT_SPACE _NORMALMAP _MASKMAP pd=UNITY_ENABLE_REFLECTION_BUFFERS UNITY_USE_DITHER_MASK_FOR_ALPHABLENDED_SHADOWS UNITY_PBS_USE_BRDF1 UNITY_SPECCUBE_BOX_PROJECTION UNITY_SPECCUBE_BLENDING UNITY_ENABLE_DETAIL_NORMALMAP SHADER_API_DESKTOP UNITY_LIGHT_PROBE_PROXY_VOLUME UNITY_LIGHTMAP_FULL_HDR ok=1
Cmd: compileSnippet
  api=4 type=1 insize=8987 outsize=84318 kw=DECALS_3RT SHADOW_MEDIUM USE_CLUSTERED_LIGHTLIST _SURFACE_TYPE_TRANSPARENT _NORMALMAP_TANGENT_SPACE _BLENDMODE_ALPHA _BLENDMODE_PRESERVE_SPECULAR_LIGHTING _ENABLE_FOG_ON_TRANSPARENT pd=UNITY_ENABLE_REFLECTION_BUFFERS UNITY_USE_DITHER_MASK_FOR_ALPHABLENDED_SHADOWS UNITY_PBS_USE_BRDF1 UNITY_SPECCUBE_BOX_PROJECTION UNITY_SPECCUBE_BLENDING UNITY_ENABLE_DETAIL_NORMALMAP SHADER_API_DESKTOP UNITY_LIGHT_PROBE_PROXY_VOLUME UNITY_LIGHTMAP_FULL_HDR ok=1
Cmd: compileSnippet
  api=4 type=0 insize=7919 outsize=1726 kw=DECALS_3RT _NORMALMAP_TANGENT_SPACE pd=UNITY_ENABLE_REFLECTION_BUFFERS UNITY_USE_DITHER_MASK_FOR_ALPHABLENDED_SHADOWS UNITY_PBS_USE_BRDF1 UNITY_SPECCUBE_BOX_PROJECTION UNITY_SPECCUBE_BLENDING UNITY_ENABLE_DETAIL_NORMALMAP SHADER_API_DESKTOP UNITY_LIGHT_PROBE_PROXY_VOLUME UNITY_LIGHTMAP_FULL_HDR ok=1

Quitting shader compiler process
