Base path: 'C:/Program Files/Unity/Hub/Editor/2019.4.16f1/Editor/Data', plugins path 'C:/Program Files/Unity/Hub/Editor/2019.4.16f1/Editor/Data/PlaybackEngines'
Cmd: initializeCompiler
Cmd: initializeCompiler
Cmd: compileComputeKernel
  api=4 insize=4528 outsize=3183 ok=1
Cmd: compileComputeKernel
  api=4 insize=9917 outsize=4118 ok=1
Cmd: compileComputeKernel
  api=4 insize=9917 outsize=5355 ok=1
Cmd: compileComputeKernel
  api=4 insize=17994 outsize=8303 ok=1
Cmd: compileComputeKernel
  api=4 insize=4823 outsize=2835 ok=1
Cmd: compileComputeKernel
  api=4 insize=2617 outsize=869 ok=1
Cmd: compileComputeKernel
  api=4 insize=14139 outsize=1290 ok=1
Cmd: compileComputeKernel
  api=4 insize=11086 outsize=665 ok=1
Cmd: compileComputeKernel
  api=4 insize=3194 outsize=3237 ok=1
Cmd: compileComputeKernel
  api=4 insize=40407 outsize=36609 ok=1
Cmd: compileComputeKernel
  api=4 insize=40407 outsize=37933 ok=1
Cmd: compileComputeKernel
  api=4 insize=3707 outsize=1164 ok=1
Cmd: compileComputeKernel
  api=4 insize=22295 outsize=15906 ok=1
Cmd: compileComputeKernel
  api=4 insize=7861 outsize=7524 ok=1
Cmd: compileComputeKernel
  api=4 insize=22339 outsize=1157 ok=1
Cmd: compileComputeKernel
  api=4 insize=6745 outsize=1877 ok=1
Cmd: compileComputeKernel
  api=4 insize=6745 outsize=919 ok=1
Cmd: compileComputeKernel
  api=4 insize=9223 outsize=2745 ok=1
Cmd: compileComputeKernel
  api=4 insize=26542 outsize=14181 ok=1
Cmd: compileComputeKernel
  api=4 insize=16295 outsize=67609 ok=1
Cmd: compileComputeKernel
  api=4 insize=16295 outsize=48257 ok=1
Cmd: compileComputeKernel
  api=4 insize=16295 outsize=14963 ok=1
Cmd: compileComputeKernel
  api=4 insize=16295 outsize=24386 ok=1
Cmd: compileComputeKernel
  api=4 insize=16295 outsize=33644 ok=1
Cmd: compileComputeKernel
  api=4 insize=16295 outsize=36130 ok=1
Cmd: compileComputeKernel
  api=4 insize=16295 outsize=53326 ok=1
Cmd: compileComputeKernel
  api=4 insize=16295 outsize=36345 ok=1
Cmd: compileComputeKernel
  error: 1 plat 4 at ReflectionDenoiser.compute(170): signed/unsigned mismatch, unsigned assumed
  api=4 insize=8751 outsize=716 ok=1
Cmd: compileComputeKernel
  api=4 insize=13959 outsize=4058 ok=1
Cmd: compileSnippet
  api=4 type=1 insize=7919 outsize=6782 kw=LIGHTMAP_ON DIRLIGHTMAP_COMBINED DECALS_3RT _NORMALMAP_TANGENT_SPACE _NORMALMAP _MASKMAP pd=UNITY_ENABLE_REFLECTION_BUFFERS UNITY_USE_DITHER_MASK_FOR_ALPHABLENDED_SHADOWS UNITY_PBS_USE_BRDF1 UNITY_SPECCUBE_BOX_PROJECTION UNITY_SPECCUBE_BLENDING UNITY_ENABLE_DETAIL_NORMALMAP SHADER_API_DESKTOP UNITY_LIGHT_PROBE_PROXY_VOLUME UNITY_LIGHTMAP_FULL_HDR ok=1
Cmd: compileSnippet
  api=4 type=0 insize=7443 outsize=810 kw=_NORMALMAP_TANGENT_SPACE pd=UNITY_ENABLE_REFLECTION_BUFFERS UNITY_USE_DITHER_MASK_FOR_ALPHABLENDED_SHADOWS UNITY_PBS_USE_BRDF1 UNITY_SPECCUBE_BOX_PROJECTION UNITY_SPECCUBE_BLENDING UNITY_ENABLE_DETAIL_NORMALMAP SHADER_API_DESKTOP UNITY_LIGHT_PROBE_PROXY_VOLUME UNITY_LIGHTMAP_FULL_HDR ok=1

Quitting shader compiler process
